Generating 1000000 random numbers
Generated 1000000 random numbers between -100000 and 100000 in numbers.dat
Starting system sort

real	0m1.412s
user	0m1.378s
sys	0m0.023s
Starting mysort
Generating 1000000 random numbers
Generated 1000000 random numbers between -100000 and 100000 in numbers.dat
Starting system sort

real	0m1.636s
user	0m1.589s
sys	0m0.029s
Starting mysort
Generating 1000000 random numbers
Generated 1000000 random numbers between -100000 and 100000 in numbers.dat
Starting system sort

real	0m1.795s
user	0m1.589s
sys	0m0.044s
Starting mysort
